Arguments: 
  C:\Program Files (x86)\nodejs\node.exe C:\Users\Ильназ\AppData\Roaming\npm\node_modules\yarn\bin\yarn.js add cors

PATH: 
  C:\ProgramData\Oracle\Java\javapath;C:\Program Files (x86)\Common Files\Intel\Shared Libraries\redist\intel64_win\compiler;C:\WINDOWS\system32;C:\WINDOWS;C:\WINDOWS\System32\Wbem;C:\WINDOWS\System32\WindowsPowerShell\v1.0\;C:\Program Files\Common Files\Autodesk Shared\;C:\WINDOWS\System32\OpenSSH\;C:\Program Files\Git\cmd;C:\Program Files (x86)\nodejs\;C:\Users\Ильназ\AppData\Local\Microsoft\WindowsApps;C:\Users\Ильназ\AppData\Local\Programs\Microsoft VS Code\bin;C:\Users\Ильназ\AppData\Roaming\npm

Yarn version: 
  1.22.18

Node version: 
  17.8.0

Platform: 
  win32 ia32

Trace: 
  Error: EPERM: operation not permitted, unlink 'C:\Users\Ильназ\Desktop\dark_chat\server\node_modules\bcrypt\lib\binding\napi-v3\bcrypt_lib.node'

npm manifest: 
  {
     "name": "server",
     "version": "1.0.0",
     "description": "",
     "main": "index.js",
     "scripts": {
        "start": "nodemon index.js"
     },
     "author": "zi",
     "license": "ISC",
     "dependencies": {
        "bcrypt": "^5.0.1",
        "express": "^4.18.1",
        "express-validator": "^6.14.2",
        "jsonwebtoken": "^8.5.1",
        "mongoose": "^6.5.2",
        "nodemon": "^2.0.19"
     }
  }

yarn manifest: 
  No manifest

Lockfile: 
  No lockfile
